<?xml version="1.0" encoding="UTF-8"?>
<testsuite name="com.example.WebServiceA.WebServiceAApplicationTests" tests="1" skipped="0" failures="0" errors="0" timestamp="2025-02-25T04:13:07" hostname="roger-VirtualBox1" time="6.112">
  <properties/>
  <testcase name="contextLoads()" classname="com.example.WebServiceA.WebServiceAApplicationTests" time="6.112"/>
  <system-out><![CDATA[21:12:56.379 [Test worker] INFO org.springframework.test.context.support.AnnotationConfigContextLoaderUtils -- Could not detect default configuration classes for test class [com.example.WebServiceA.WebServiceAApplicationTests]: WebServiceAApplicationTests does not declare any static, non-private, non-final, nested classes annotated with @Configuration.
21:12:56.747 [Test worker] INFO org.springframework.boot.test.context.SpringBootTestContextBootstrapper -- Found @SpringBootConfiguration com.example.WebServiceA.WebServiceAApplication for test class com.example.WebServiceA.WebServiceAApplicationTests

  .   ____          _            __ _ _
 /\\ / ___'_ __ _ _(_)_ __  __ _ \ \ \ \
( ( )\___ | '_ | '_| | '_ \/ _` | \ \ \ \
 \\/  ___)| |_)| | | | | || (_| |  ) ) ) )
  '  |____| .__|_| |_|_| |_\__, | / / / /
 =========|_|==============|___/=/_/_/_/

 :: Spring Boot ::                (v3.4.2)

2025-02-24T21:12:58.621-07:00  INFO 37464 --- [WebServiceA] [    Test worker] c.e.W.WebServiceAApplicationTests        : Starting WebServiceAApplicationTests using Java 21.0.6 with PID 37464 (started by roger in /home/roger/development/WebServiceA)
2025-02-24T21:12:58.627-07:00  INFO 37464 --- [WebServiceA] [    Test worker] c.e.W.WebServiceAApplicationTests        : No active profile set, falling back to 1 default profile: "default"
2025-02-24T21:13:07.935-07:00  INFO 37464 --- [WebServiceA] [    Test worker] c.e.W.WebServiceAApplicationTests        : Started WebServiceAApplicationTests in 10.901 seconds (process running for 15.763)
]]></system-out>
  <system-err><![CDATA[Mockito is currently self-attaching to enable the inline-mock-maker. This will no longer work in future releases of the JDK. Please add Mockito as an agent to your build what is described in Mockito's documentation: https://javadoc.io/doc/org.mockito/mockito-core/latest/org/mockito/Mockito.html#0.3
WARNING: A Java agent has been loaded dynamically (/home/roger/.gradle/caches/modules-2/files-2.1/net.bytebuddy/byte-buddy-agent/1.15.11/a38b16385e867f59a641330f0362ebe742788ed8/byte-buddy-agent-1.15.11.jar)
WARNING: If a serviceability tool is in use, please run with -XX:+EnableDynamicAgentLoading to hide this warning
WARNING: If a serviceability tool is not in use, please run with -Djdk.instrument.traceUsage for more information
WARNING: Dynamic loading of agents will be disallowed by default in a future release
]]></system-err>
</testsuite>
